<?xml version="1.0" encoding="UTF-8"?>
<!-- Generated by org.testng.reporters.JUnitXMLReporter -->
<testsuite hostname="ATMECSINLT-283" ignored="0" name="tutorialNinjaTest" tests="2" failures="0" timestamp="2019-11-13T15:01:38 IST" time="52.689" errors="0">
  <testcase name="validateHomePage" time="0.133" classname="com.atmecs.qa.script.TutorialsNinjaScript"/>
  <testcase name="searchItemMethod" time="46.722" classname="com.atmecs.qa.script.TutorialsNinjaScript"/>
</testsuite> <!-- tutorialNinjaTest -->
