<?xml version="1.0" encoding="UTF-8"?>
<!-- Generated by org.testng.reporters.JUnitXMLReporter -->
<testsuite hostname="ATMECSINLT-283" ignored="0" name="heatClinicTest" tests="7" failures="0" timestamp="2019-11-13T14:59:49 IST" time="27.982" errors="0">
  <testcase name="clickMenuVerify" time="1.844" classname="com.atmecs.qa.script.HeatClinicScript"/>
  <testcase name="clickMenuVerify" time="1.699" classname="com.atmecs.qa.script.HeatClinicScript"/>
  <testcase name="clickMenuVerify" time="1.512" classname="com.atmecs.qa.script.HeatClinicScript"/>
  <testcase name="clickMenuVerify" time="1.421" classname="com.atmecs.qa.script.HeatClinicScript"/>
  <testcase name="clickMenuVerify" time="1.344" classname="com.atmecs.qa.script.HeatClinicScript"/>
  <testcase name="clickMenuVerify" time="1.335" classname="com.atmecs.qa.script.HeatClinicScript"/>
  <testcase name="clickMerchantVerifyProduct" time="12.451" classname="com.atmecs.qa.script.HeatClinicScript"/>
</testsuite> <!-- heatClinicTest -->
