<?xml version="1.0" encoding="UTF-8"?>
<!-- Generated by org.testng.reporters.JUnitXMLReporter -->
<testsuite hostname="ATMECSINLT-283" ignored="0" name="tutorialNinjaTest" tests="9" failures="0" timestamp="2019-11-13T15:02:59 IST" time="60.029" errors="0">
  <testcase name="validateHomePage" time="0.153" classname="com.atmecs.qa.script.TutorialsNinjaScript"/>
  <testcase name="clickMenuVerify" time="2.073" classname="com.atmecs.qa.script.HeatClinicScript"/>
  <testcase name="clickMenuVerify" time="1.367" classname="com.atmecs.qa.script.HeatClinicScript"/>
  <testcase name="clickMenuVerify" time="2.223" classname="com.atmecs.qa.script.HeatClinicScript"/>
  <testcase name="clickMenuVerify" time="2.021" classname="com.atmecs.qa.script.HeatClinicScript"/>
  <testcase name="clickMenuVerify" time="2.106" classname="com.atmecs.qa.script.HeatClinicScript"/>
  <testcase name="clickMenuVerify" time="1.772" classname="com.atmecs.qa.script.HeatClinicScript"/>
  <testcase name="clickMerchantVerifyProduct" time="16.445" classname="com.atmecs.qa.script.HeatClinicScript"/>
  <testcase name="searchItemMethod" time="53.734" classname="com.atmecs.qa.script.TutorialsNinjaScript"/>
</testsuite> <!-- tutorialNinjaTest -->
