<?xml version="1.0" encoding="UTF-8"?>
<!-- Generated by org.testng.reporters.JUnitXMLReporter -->
<testsuite hostname="ATMECSINLT-283" ignored="0" name="heatClinicTest" tests="7" failures="0" timestamp="2019-11-13T14:58:22 IST" time="29.942" errors="0">
  <testcase name="clickMenuVerify" time="1.529" classname="com.atmecs.qa.script.HeatClinicScript"/>
  <testcase name="clickMenuVerify" time="1.83" classname="com.atmecs.qa.script.HeatClinicScript"/>
  <testcase name="clickMenuVerify" time="4.466" classname="com.atmecs.qa.script.HeatClinicScript"/>
  <testcase name="clickMenuVerify" time="1.381" classname="com.atmecs.qa.script.HeatClinicScript"/>
  <testcase name="clickMenuVerify" time="1.261" classname="com.atmecs.qa.script.HeatClinicScript"/>
  <testcase name="clickMenuVerify" time="1.195" classname="com.atmecs.qa.script.HeatClinicScript"/>
  <testcase name="clickMerchantVerifyProduct" time="12.598" classname="com.atmecs.qa.script.HeatClinicScript"/>
</testsuite> <!-- heatClinicTest -->
