<?xml version="1.0" encoding="UTF-8"?>
<!-- Generated by org.testng.reporters.JUnitXMLReporter -->
<testsuite hostname="ATMECSINLT-283" ignored="0" name="heatClinicTest" tests="8" failures="0" timestamp="2019-11-13T13:16:44 IST" time="31.622" errors="0">
  <testcase name="clickMenuVerify" time="0.905" classname="com.atmecs.qa.script.HeatClinicScript"/>
  <testcase name="clickMenuVerify" time="2.122" classname="com.atmecs.qa.script.HeatClinicScript"/>
  <testcase name="clickMenuVerify" time="0.921" classname="com.atmecs.qa.script.HeatClinicScript"/>
  <testcase name="clickMenuVerify" time="0.99" classname="com.atmecs.qa.script.HeatClinicScript"/>
  <testcase name="clickMenuVerify" time="0.809" classname="com.atmecs.qa.script.HeatClinicScript"/>
  <testcase name="clickMenuVerify" time="0.729" classname="com.atmecs.qa.script.HeatClinicScript"/>
  <testcase name="validateHomePage" time="0.015" classname="com.atmecs.qa.script.TutorialsNinjaScript"/>
  <testcase name="clickMerchantVerifyProduct" time="9.691" classname="com.atmecs.qa.script.HeatClinicScript"/>
</testsuite> <!-- heatClinicTest -->
